1532216286925:help
1532216304500:listBooks
1532216310514:list-books
1532216318198:list-authors
1532216407198:list-genres
1532216410230:list-books
1532216424391:count-books
1532216429783:count-authors
1532216436942:count-genres
1532216440843:help
1532216455241:create-author
1532216462352:stacktrace
1532216477258:create-author Jhon
1532216488171:create-author Jhon Weak
1532216502064:count-authors
1532216529818:get-author Leo Tolstoy
1532216537405:get-author Some Author
1532216553921:get-genre novel
1532216559853:get-genre some
1532216567097:create-genre fantasy
1532216584121:create-book HarryPotter
1532216611533:create-book HarryPOtter Jhoan Rolling fantasy
1532216628912:stacktrace
1532216772848:create-book HarryPotter Some Author some
1532216781353:list-genres
1532216787105:delete-genre some
1532216830824:list-authors
1532216844708:delete-author Some Author
1532216857398:list-books
1532217042162:list-authros
1532217046793:list-authors
1532217050513:list-genres
1532217054640:count-books
1532217058610:count-genres
1532217063588:count-authors
1532217092455:create-genre fantasy
1532217106242:create-author Jhon Weak
1532217134358:create book HarryPotter Jhon Weak fantasy
1532217146424:create-book HarryPotter Jhon Weak fantasy
1532217150609:list-books
1532217164871:delete-book HarryPotter
1532217176299:book-delete HarryPotter
1532217181625:list-books
1532217184734:list-genres
1532217197780:genre-delete
1532217205358:delete-genre fantasy
1532217216859:delte-author Jhon Weak
1532217226454:author-delete Jhon Weak
1532217240003:delete-author Jhon Weak
1532217246697:delete genre novel
1532217252567:delete-genre novel
1532217256949:list-books
1532217291240:create-book HarryPotter Leo Tolstoy novel
1532217368133:delete-genre novel
1532217391300:create-book HarryPotter Leo Tolstoy novel
1532217423567:delete-genre novel
1532217475600:create-book HarryPotter LeuTolstoy novel
1532217496590:create-book HarryPotter Leo Tolstoy novel
1532217680605:delete-genre novel
1532217686573:list-books
1532217690607:list-genres
1532217693892:list-authors
1532217701661:create-genre novel
1532217730419:create-book HarryPotter Leo Tolstoy novel
1532218020937:list-bookls
1532218023481:list-books
1532218032902:delete-genre novel
1532218038308:create-genre novel
1532218111942:create-book HarryPotter Leo Tolstoy novel
1532218121007:stacktrace
1532218217588:delete-genre novel
1532218226932:create-book Leo Tolstoy novel
1532218242384:create-book Book Leo Tolstoy novel
1532218316270:stacktrace
1532218720557:delete-genre novel
1532218735523:create-book Book Leo Tolstoy novel
1532218816543:create-book Book Leo Tolstoy fantasy
1532218854877:create-book
1532218867305:create-book Book Jhon Weak fantasy
1532218900177:create-book Book2 Jhon Weak fantasy
1532218937432:list-books
1532218970973:delete-author Leo Tolstoy
1532218974359:list-books
1532218984797:create-author Leo Tolstoy
1532219003500:create-book WarAndPiece Leo Tolstoy novel
1532219047511:create-book WarAndPiece Jhon Weak novel
1532219294347:delete-genre book
1532219360375:delete-genre novel
1532219375169:list-genres
1532219390016:delete-genre novel
1532219431152:delete-genre book
1532219436205:delete-genre novel
1532219440199:list-genre
1532219443851:list-genres
1532219447828:list-books
1532219470926:stacktrace
1532219604312:create-book Book J W genre
1532219612424:delete-genre genre
1532219615559:list-books
1532219622175:list-authors
1532219643133:create-book B Leo Tolstoy novel
1532219646309:list-books
1532219664474:create-book Book J W novel
1532220115436:create book B J W genre
1532220123268:create-book B J W genre
1532220129901:list-books
1532220178348:list-genres
1532220190157:delete-genre genre
1532220197720:create-genre genre
1532220200604:list-genres
1532220205917:list-authors
1532220210658:list-books
1532220245986:create-book B2 Leo Tolstoy genre
1532220299489:create-author W W
1532220303547:list-authors
1532220313791:crate-book W2 W W genre
1532220330288:create-book W2 W W genre
1532220333504:list-books
1532220487233:console
1532221149231:create-book B J W genre
1532221160694:delete-genre genre
1532221177079:create-book B2 J W genre
1532221276598:stacktrace
1532221324227:crate-book W J W genre
1532221336002:create-book W J W genre
1532221344957:delete-genre genre
1532221359686:create-book W2 W J genre
1532221385615:create-book W3 J W genre
1532221437680:console
1532221511287:delete-genre novel
1532221525021:create-book W Leo Tolstoy novel
1532221529133:exit
